<?xml version="1.0" encoding="UTF-8"?>
<!-- Generated by org.testng.reporters.JUnitReportReporter -->
<testsuite hostname="LENO-PC0CWH8R" failures="0" tests="3" name="vtiger.Practice.TestNgPractice" time="0.029" errors="0" timestamp="2022-08-29T12:42:45 IST" skipped="0">
  <testcase classname="vtiger.Practice.TestNgPractice" name="tc1" time="0.021"/>
  <system-out/>
  <testcase classname="vtiger.Practice.TestNgPractice" name="tc2" time="0.003"/>
  <system-out/>
  <testcase classname="vtiger.Practice.TestNgPractice" name="tcc3" time="0.005"/>
  <system-out/>
</testsuite> <!-- vtiger.Practice.TestNgPractice -->
