<?xml version="1.0" encoding="UTF-8"?>
<!-- Generated by org.testng.reporters.JUnitReportReporter -->
<testsuite hostname="LENO-PC0CWH8R" failures="0" tests="4" name="vtiger.Practice.DataProvidersTest" time="0.025" errors="0" timestamp="2022-08-30T17:36:56 IST" skipped="0">
  <testcase classname="vtiger.Practice.DataProvidersTest" name="addToCart" time="0.002"/>
  <system-out/>
  <testcase classname="vtiger.Practice.DataProvidersTest" name="addToCart" time="0.002"/>
  <system-out/>
  <testcase classname="vtiger.Practice.DataProvidersTest" name="addToCart" time="0.019"/>
  <system-out/>
  <testcase classname="vtiger.Practice.DataProvidersTest" name="addToCart" time="0.002"/>
  <system-out/>
</testsuite> <!-- vtiger.Practice.DataProvidersTest -->
