<?xml version="1.0" encoding="UTF-8"?>
<!-- Generated by org.testng.reporters.JUnitReportReporter -->
<testsuite hostname="LENO-PC0CWH8R" failures="0" tests="1" name="vtiger.ContactsTest.CreateContactWithOrgTest" time="31.253" errors="0" timestamp="2022-09-09T18:12:36 IST" skipped="0">
  <testcase classname="vtiger.ContactsTest.CreateContactWithOrgTest" name="CreateContactWithOrgtest" time="31.253"/>
  <system-out>
    <![CDATA[organization link clicked
create org look up img is clicked
New Organization created
created contact with organization]]>
  </system-out>
</testsuite> <!-- vtiger.ContactsTest.CreateContactWithOrgTest -->
