<?xml version="1.0" encoding="UTF-8"?>
<!-- Generated by org.testng.reporters.JUnitReportReporter -->
<testsuite hostname="LENO-PC0CWH8R" failures="0" tests="1" name="vtiger.ContactsTest.CreateContactsWithOrganizationTest" time="21.237" errors="0" timestamp="2022-09-07T19:28:20 IST" skipped="0">
  <testcase classname="vtiger.ContactsTest.CreateContactsWithOrganizationTest" name="CreateContactsWithOrgTest" time="21.237"/>
  <system-out/>
</testsuite> <!-- vtiger.ContactsTest.CreateContactsWithOrganizationTest -->
