<?xml version="1.0" encoding="UTF-8"?>
<!-- Generated by org.testng.reporters.JUnitReportReporter -->
<testsuite hostname="LENO-PC0CWH8R" failures="0" tests="1" name="vtiger.Practice.DebuggingPracticeTest" time="0.014" errors="0" timestamp="2022-09-21T10:59:37 IST" skipped="0">
  <testcase classname="vtiger.Practice.DebuggingPracticeTest" name="Debugging" time="0.014"/>
  <system-out/>
</testsuite> <!-- vtiger.Practice.DebuggingPracticeTest -->
