<?xml version="1.0" encoding="UTF-8"?>
<!-- Generated by org.testng.reporters.JUnitReportReporter -->
<testsuite hostname="LENO-PC0CWH8R" failures="0" tests="1" name="DDT.ReadFromcmdLineTest" time="0.012" errors="0" timestamp="2022-09-17T11:19:29 IST" skipped="0">
  <testcase classname="DDT.ReadFromcmdLineTest" name="readData" time="0.012"/>
  <system-out/>
</testsuite> <!-- DDT.ReadFromcmdLineTest -->
